1564401731.316282 client started (15714): version 2.9a, socket /tmp/tmux-1001/default, protocol 8
1564401731.316327 on Linux 4.15.0-55-generic #60-Ubuntu SMP Tue Jul 2 18:22:20 UTC 2019; libevent 2.1.8-stable (poll)
1564401731.316369 socket is /tmp/tmux-1001/default
1564401731.316391 trying connect
1564401731.316533 add peer 0x55fee91ab2e0: 6 ((nil))
1564401731.316661 sending message 100 to peer 0x55fee91ab2e0 (4 bytes)
1564401731.316677 sending message 101 to peer 0x55fee91ab2e0 (16 bytes)
1564401731.316688 sending message 102 to peer 0x55fee91ab2e0 (11 bytes)
1564401731.316698 sending message 108 to peer 0x55fee91ab2e0 (23 bytes)
1564401731.316710 sending message 104 to peer 0x55fee91ab2e0 (0 bytes)
1564401731.316722 sending message 107 to peer 0x55fee91ab2e0 (4 bytes)
1564401731.316732 sending message 105 to peer 0x55fee91ab2e0 (22 bytes)
1564401731.316743 sending message 105 to peer 0x55fee91ab2e0 (20 bytes)
1564401731.316753 sending message 105 to peer 0x55fee91ab2e0 (54 bytes)
1564401731.316763 sending message 105 to peer 0x55fee91ab2e0 (51 bytes)
1564401731.316772 sending message 105 to peer 0x55fee91ab2e0 (70 bytes)
1564401731.316782 sending message 105 to peer 0x55fee91ab2e0 (23 bytes)
1564401731.316791 sending message 105 to peer 0x55fee91ab2e0 (11 bytes)
1564401731.316801 sending message 105 to peer 0x55fee91ab2e0 (32 bytes)
1564401731.316810 sending message 105 to peer 0x55fee91ab2e0 (18 bytes)
1564401731.316827 sending message 105 to peer 0x55fee91ab2e0 (15 bytes)
1564401731.316837 sending message 105 to peer 0x55fee91ab2e0 (44 bytes)
1564401731.316846 sending message 105 to peer 0x55fee91ab2e0 (32 bytes)
1564401731.316856 sending message 105 to peer 0x55fee91ab2e0 (86 bytes)
1564401731.316866 sending message 105 to peer 0x55fee91ab2e0 (30 bytes)
1564401731.316875 sending message 105 to peer 0x55fee91ab2e0 (52 bytes)
1564401731.316885 sending message 105 to peer 0x55fee91ab2e0 (19 bytes)
1564401731.316894 sending message 105 to peer 0x55fee91ab2e0 (28 bytes)
1564401731.316904 sending message 105 to peer 0x55fee91ab2e0 (19 bytes)
1564401731.316914 sending message 105 to peer 0x55fee91ab2e0 (18 bytes)
1564401731.316923 sending message 105 to peer 0x55fee91ab2e0 (17 bytes)
1564401731.316932 sending message 105 to peer 0x55fee91ab2e0 (15 bytes)
1564401731.316942 sending message 105 to peer 0x55fee91ab2e0 (23 bytes)
1564401731.316951 sending message 105 to peer 0x55fee91ab2e0 (30 bytes)
1564401731.316961 sending message 105 to peer 0x55fee91ab2e0 (27 bytes)
1564401731.316970 sending message 105 to peer 0x55fee91ab2e0 (24 bytes)
1564401731.316987 sending message 105 to peer 0x55fee91ab2e0 (20 bytes)
1564401731.316997 sending message 105 to peer 0x55fee91ab2e0 (23 bytes)
1564401731.317006 sending message 105 to peer 0x55fee91ab2e0 (21 bytes)
1564401731.317015 sending message 105 to peer 0x55fee91ab2e0 (25 bytes)
1564401731.317025 sending message 105 to peer 0x55fee91ab2e0 (20 bytes)
1564401731.317034 sending message 105 to peer 0x55fee91ab2e0 (16 bytes)
1564401731.317044 sending message 105 to peer 0x55fee91ab2e0 (54 bytes)
1564401731.317053 sending message 105 to peer 0x55fee91ab2e0 (68 bytes)
1564401731.317063 sending message 105 to peer 0x55fee91ab2e0 (30 bytes)
1564401731.317072 sending message 105 to peer 0x55fee91ab2e0 (19 bytes)
1564401731.317082 sending message 105 to peer 0x55fee91ab2e0 (183 bytes)
1564401731.317092 sending message 105 to peer 0x55fee91ab2e0 (27 bytes)
1564401731.317102 sending message 105 to peer 0x55fee91ab2e0 (18 bytes)
1564401731.317111 sending message 105 to peer 0x55fee91ab2e0 (19 bytes)
1564401731.317141 sending message 105 to peer 0x55fee91ab2e0 (18 bytes)
1564401731.317152 sending message 105 to peer 0x55fee91ab2e0 (96 bytes)
1564401731.317162 sending message 105 to peer 0x55fee91ab2e0 (19 bytes)
1564401731.317172 sending message 105 to peer 0x55fee91ab2e0 (8 bytes)
1564401731.317182 sending message 105 to peer 0x55fee91ab2e0 (19 bytes)
1564401731.317192 sending message 105 to peer 0x55fee91ab2e0 (41 bytes)
1564401731.317202 sending message 105 to peer 0x55fee91ab2e0 (21 bytes)
1564401731.317212 sending message 105 to peer 0x55fee91ab2e0 (21 bytes)
1564401731.317234 sending message 105 to peer 0x55fee91ab2e0 (33 bytes)
1564401731.317244 sending message 105 to peer 0x55fee91ab2e0 (36 bytes)
1564401731.317255 sending message 105 to peer 0x55fee91ab2e0 (13 bytes)
1564401731.317265 sending message 105 to peer 0x55fee91ab2e0 (65 bytes)
1564401731.317275 sending message 105 to peer 0x55fee91ab2e0 (13 bytes)
1564401731.317285 sending message 105 to peer 0x55fee91ab2e0 (17 bytes)
1564401731.317294 sending message 105 to peer 0x55fee91ab2e0 (37 bytes)
1564401731.317304 sending message 105 to peer 0x55fee91ab2e0 (36 bytes)
1564401731.317314 sending message 105 to peer 0x55fee91ab2e0 (45 bytes)
1564401731.317324 sending message 105 to peer 0x55fee91ab2e0 (38 bytes)
1564401731.317334 sending message 105 to peer 0x55fee91ab2e0 (33 bytes)
1564401731.317344 sending message 105 to peer 0x55fee91ab2e0 (83 bytes)
1564401731.317354 sending message 105 to peer 0x55fee91ab2e0 (41 bytes)
1564401731.317364 sending message 105 to peer 0x55fee91ab2e0 (51 bytes)
1564401731.317373 sending message 105 to peer 0x55fee91ab2e0 (23 bytes)
1564401731.317383 sending message 105 to peer 0x55fee91ab2e0 (31 bytes)
1564401731.317393 sending message 105 to peer 0x55fee91ab2e0 (15 bytes)
1564401731.317402 sending message 105 to peer 0x55fee91ab2e0 (52 bytes)
1564401731.317412 sending message 105 to peer 0x55fee91ab2e0 (27 bytes)
1564401731.317422 sending message 105 to peer 0x55fee91ab2e0 (18 bytes)
1564401731.317432 sending message 105 to peer 0x55fee91ab2e0 (58 bytes)
1564401731.317442 sending message 105 to peer 0x55fee91ab2e0 (21 bytes)
1564401731.317452 sending message 105 to peer 0x55fee91ab2e0 (11 bytes)
1564401731.317462 sending message 105 to peer 0x55fee91ab2e0 (20 bytes)
1564401731.317471 sending message 105 to peer 0x55fee91ab2e0 (35 bytes)
1564401731.317481 sending message 105 to peer 0x55fee91ab2e0 (35 bytes)
1564401731.317491 sending message 105 to peer 0x55fee91ab2e0 (22 bytes)
1564401731.317501 sending message 105 to peer 0x55fee91ab2e0 (11 bytes)
1564401731.317511 sending message 105 to peer 0x55fee91ab2e0 (11 bytes)
1564401731.317521 sending message 105 to peer 0x55fee91ab2e0 (11 bytes)
1564401731.317531 sending message 105 to peer 0x55fee91ab2e0 (94 bytes)
1564401731.317541 sending message 105 to peer 0x55fee91ab2e0 (17 bytes)
1564401731.317551 sending message 105 to peer 0x55fee91ab2e0 (21 bytes)
1564401731.317561 sending message 105 to peer 0x55fee91ab2e0 (24 bytes)
1564401731.317571 sending message 105 to peer 0x55fee91ab2e0 (24 bytes)
1564401731.317580 sending message 105 to peer 0x55fee91ab2e0 (21 bytes)
1564401731.317590 sending message 105 to peer 0x55fee91ab2e0 (21 bytes)
1564401731.317600 sending message 105 to peer 0x55fee91ab2e0 (21 bytes)
1564401731.317610 sending message 105 to peer 0x55fee91ab2e0 (21 bytes)
1564401731.317620 sending message 105 to peer 0x55fee91ab2e0 (24 bytes)
1564401731.317630 sending message 106 to peer 0x55fee91ab2e0 (0 bytes)
1564401731.317640 sending message 200 to peer 0x55fee91ab2e0 (4 bytes)
1564401731.317649 client loop enter
1564401731.318470 peer 0x55fee91ab2e0 message 211
1564401731.318493 client_write: sessions should be nested with care, unset $TMUX to force\n
1564401731.318517 peer 0x55fee91ab2e0 message 203
1564401731.318527 client loop exit
